<?xml version="1.0" encoding="UTF-8" ?>
<testsuite tests="19" failures="0" name="runAllTest.RunCukeTest" time="0.542" errors="0" skipped="0">
  <properties>
    <property name="java.runtime.name" value="Java(TM) SE Runtime Environment"/>
    <property name="sun.boot.library.path" value="/Library/Java/JavaVirtualMachines/jdk1.8.0_111.jdk/Contents/Home/jre/lib"/>
    <property name="java.vm.version" value="25.111-b14"/>
    <property name="gopherProxySet" value="false"/>
    <property name="java.vm.vendor" value="Oracle Corporation"/>
    <property name="maven.multiModuleProjectDirectory" value="/Users/tengeh/Development/valtechTest"/>
    <property name="java.vendor.url" value="http://java.oracle.com/"/>
    <property name="path.separator" value=":"/>
    <property name="guice.disable.misplaced.annotation.check" value="true"/>
    <property name="java.vm.name" value="Java HotSpot(TM) 64-Bit Server VM"/>
    <property name="file.encoding.pkg" value="sun.io"/>
    <property name="user.country" value="GB"/>
    <property name="sun.java.launcher" value="SUN_STANDARD"/>
    <property name="sun.os.patch.level" value="unknown"/>
    <property name="java.vm.specification.name" value="Java Virtual Machine Specification"/>
    <property name="user.dir" value="/Users/tengeh/Development/valtechTest"/>
    <property name="java.runtime.version" value="1.8.0_111-b14"/>
    <property name="java.awt.graphicsenv" value="sun.awt.CGraphicsEnvironment"/>
    <property name="java.endorsed.dirs" value="/Library/Java/JavaVirtualMachines/jdk1.8.0_111.jdk/Contents/Home/jre/lib/endorsed"/>
    <property name="os.arch" value="x86_64"/>
    <property name="java.io.tmpdir" value="/var/folders/c7/d4fxc1j12cdf1xb37sx7c1n00000gn/T/"/>
    <property name="line.separator" value="
"/>
    <property name="java.vm.specification.vendor" value="Oracle Corporation"/>
    <property name="os.name" value="Mac OS X"/>
    <property name="classworlds.conf" value="/Users/tengeh/Development/marsWorkspace/.metadata/.plugins/org.eclipse.m2e.launching/launches/m2conf2861793801927590120.tmp"/>
    <property name="sun.jnu.encoding" value="UTF-8"/>
    <property name="java.library.path" value="/Users/tengeh/Library/Java/Extensions:/Library/Java/Extensions:/Network/Library/Java/Extensions:/System/Library/Java/Extensions:/usr/lib/java:."/>
    <property name="java.specification.name" value="Java Platform API Specification"/>
    <property name="java.class.version" value="52.0"/>
    <property name="sun.management.compiler" value="HotSpot 64-Bit Tiered Compilers"/>
    <property name="os.version" value="10.12.5"/>
    <property name="http.nonProxyHosts" value="local|*.local|169.254/16|*.169.254/16"/>
    <property name="user.home" value="/Users/tengeh"/>
    <property name="user.timezone" value="Europe/London"/>
    <property name="java.awt.printerjob" value="sun.lwawt.macosx.CPrinterJob"/>
    <property name="java.specification.version" value="1.8"/>
    <property name="file.encoding" value="UTF-8"/>
    <property name="user.name" value="tengeh"/>
    <property name="java.class.path" value="/Users/tengeh/eclipse/java-mars/Eclipse.app/Contents/MacOS/../../../../../.p2/pool/plugins/org.eclipse.m2e.maven.runtime_1.6.2.20150902-0001/jars/plexus-classworlds-2.5.2.jar"/>
    <property name="java.vm.specification.version" value="1.8"/>
    <property name="sun.arch.data.model" value="64"/>
    <property name="java.home" value="/Library/Java/JavaVirtualMachines/jdk1.8.0_111.jdk/Contents/Home/jre"/>
    <property name="sun.java.command" value="org.codehaus.plexus.classworlds.launcher.Launcher -B test"/>
    <property name="java.specification.vendor" value="Oracle Corporation"/>
    <property name="user.language" value="en"/>
    <property name="awt.toolkit" value="sun.lwawt.macosx.LWCToolkit"/>
    <property name="java.vm.info" value="mixed mode"/>
    <property name="java.version" value="1.8.0_111"/>
    <property name="java.ext.dirs" value="/Users/tengeh/Library/Java/Extensions:/Library/Java/JavaVirtualMachines/jdk1.8.0_111.jdk/Contents/Home/jre/lib/ext:/Library/Java/Extensions:/Network/Library/Java/Extensions:/System/Library/Java/Extensions:/usr/lib/java"/>
    <property name="sun.boot.class.path" value="/Library/Java/JavaVirtualMachines/jdk1.8.0_111.jdk/Contents/Home/jre/lib/resources.jar:/Library/Java/JavaVirtualMachines/jdk1.8.0_111.jdk/Contents/Home/jre/lib/rt.jar:/Library/Java/JavaVirtualMachines/jdk1.8.0_111.jdk/Contents/Home/jre/lib/sunrsasign.jar:/Library/Java/JavaVirtualMachines/jdk1.8.0_111.jdk/Contents/Home/jre/lib/jsse.jar:/Library/Java/JavaVirtualMachines/jdk1.8.0_111.jdk/Contents/Home/jre/lib/jce.jar:/Library/Java/JavaVirtualMachines/jdk1.8.0_111.jdk/Contents/Home/jre/lib/charsets.jar:/Library/Java/JavaVirtualMachines/jdk1.8.0_111.jdk/Contents/Home/jre/lib/jfr.jar:/Library/Java/JavaVirtualMachines/jdk1.8.0_111.jdk/Contents/Home/jre/classes"/>
    <property name="java.vendor" value="Oracle Corporation"/>
    <property name="maven.home" value="/Users/tengeh/Development/valtechTest/EMBEDDED"/>
    <property name="file.separator" value="/"/>
    <property name="java.vendor.url.bug" value="http://bugreport.sun.com/bugreport/"/>
    <property name="sun.cpu.endian" value="little"/>
    <property name="sun.io.unicode.encoding" value="UnicodeBig"/>
    <property name="socksNonProxyHosts" value="local|*.local|169.254/16|*.169.254/16"/>
    <property name="ftp.nonProxyHosts" value="local|*.local|169.254/16|*.169.254/16"/>
    <property name="sun.cpu.isalist" value=""/>
  </properties>
  <testcase classname="Scenario: Asserting that the latest news is displayed on the home page" name="Given I am on the valtech home page" time="0.002"/>
  <testcase classname="Scenario: Asserting that the latest news is displayed on the home page" name="Then I should see the latest news displayed" time="0"/>
  <testcase classname="Scenario: Asserting that the latest news is displayed on the home page" name="Scenario: Asserting that the latest news is displayed on the home page" time="0.108"/>
  <testcase classname="| ABOUT |" name="Given I am on the valtech home page" time="0"/>
  <testcase classname="| ABOUT |" name="When I visit the page &quot;ABOUT&quot;" time="0"/>
  <testcase classname="| ABOUT |" name="Then I should see the page name &quot;ABOUT&quot;" time="0"/>
  <testcase classname="| ABOUT |" name="| ABOUT |" time="0.107"/>
  <testcase classname="| SERVICES |" name="Given I am on the valtech home page" time="0"/>
  <testcase classname="| SERVICES |" name="When I visit the page &quot;SERVICES&quot;" time="0"/>
  <testcase classname="| SERVICES |" name="Then I should see the page name &quot;SERVICES&quot;" time="0"/>
  <testcase classname="| SERVICES |" name="| SERVICES |" time="0.108"/>
  <testcase classname="| WORK |" name="Given I am on the valtech home page" time="0.001"/>
  <testcase classname="| WORK |" name="When I visit the page &quot;WORK&quot;" time="0"/>
  <testcase classname="| WORK |" name="Then I should see the page name &quot;WORK&quot;" time="0"/>
  <testcase classname="| WORK |" name="| WORK |" time="0.107"/>
  <testcase classname="Scenario: Outputing the total number of valtech offices" name="Given I am on the valtech home page" time="0.001"/>
  <testcase classname="Scenario: Outputing the total number of valtech offices" name="When I navigate to the contact page" time="0"/>
  <testcase classname="Scenario: Outputing the total number of valtech offices" name="Then I should see the total number of valtech offices" time="0"/>
  <testcase classname="Scenario: Outputing the total number of valtech offices" name="Scenario: Outputing the total number of valtech offices" time="0.108"/>
</testsuite>